<?xml version="1.0" encoding="UTF-8"?>
<robot generator="Robot 6.1 (Python 3.10.4 on win32)" generated="20230724 09:47:44.611" rpa="false" schemaversion="4">
<suite id="s1" name="Robotframework-Imagedetection" source="E:\Testing\RFW-ImageDetection\robotframework-imagedetection">
<suite id="s1-s1" name="Test detection" source="E:\Testing\RFW-ImageDetection\robotframework-imagedetection\Test_detection.robot">
<test id="s1-s1-t1" name="predicting from google model" line="34">
<kw name="Predict From Google Model" library="main">
<arg>${google_model}</arg>
<arg>${test_phtot_2}</arg>
<msg timestamp="20230724 09:47:50.307" level="INFO" html="true">&lt;img src="E:\Testing\RFW-ImageDetection\robotframework-imagedetection\test_left2.jpg" width="150" height="100"&gt;</msg>
<msg timestamp="20230724 09:47:50.308" level="INFO">1/1 [==============================] - ETA: 0s
1/1 [==============================] - 1s 691ms/step
Class: Left
Confidence Score: 0.58222806</msg>
<status status="PASS" starttime="20230724 09:47:47.661" endtime="20230724 09:47:50.308"/>
</kw>
<status status="PASS" starttime="20230724 09:47:47.660" endtime="20230724 09:47:50.309"/>
</test>
<status status="PASS" starttime="20230724 09:47:44.719" endtime="20230724 09:47:50.310"/>
</suite>
<status status="PASS" starttime="20230724 09:47:44.691" endtime="20230724 09:47:50.312"/>
</suite>
<statistics>
<total>
<stat pass="1" fail="0" skip="0">All Tests</stat>
</total>
<tag>
</tag>
<suite>
<stat pass="1" fail="0" skip="0" id="s1" name="Robotframework-Imagedetection">Robotframework-Imagedetection</stat>
<stat pass="1" fail="0" skip="0" id="s1-s1" name="Test detection">Robotframework-Imagedetection.Test detection</stat>
</suite>
</statistics>
<errors>
</errors>
</robot>
